<?xml version="1.0" encoding="UTF-8"?>
<!-- Generated by org.testng.reporters.JUnitXMLReporter -->
<testsuite hostname="RASHEED-PC" failures="0" tests="5" name="ChromeTest" time="0.06" errors="0" timestamp="7 Mar 2019 01:57:00 GMT">
  <testcase classname="testngpart5.MyTest1" name="f1" time="0.017"/>
  <testcase classname="testngpart5.MyTest1" name="f2" time="0.002"/>
  <testcase classname="testngpart5.MyTest1" name="f4" time="0.002"/>
  <testcase classname="testngpart5.MyTest1" name="f4" time="0.003"/>
  <testcase classname="testngpart5.MyTest1" name="f4" time="0.002"/>
</testsuite> <!-- ChromeTest -->
