<?xml version="1.0" encoding="UTF-8"?>
<!-- Generated by org.testng.reporters.JUnitXMLReporter -->
<testsuite hostname="RASHEED-PC" failures="0" tests="2" name="IETest" time="0.237" errors="0" timestamp="28 Feb 2019 02:18:36 GMT">
  <testcase classname="testngpart3.MyTest2" name="@BeforeMethod launchAngLogin" time="0.0">
    <failure type="java.lang.IllegalStateException" message="The path to the driver executable must be set by the webdriver.ie.driver system property; for more information, see https://github.com/SeleniumHQ/selenium/wiki/InternetExplorerDriver. The latest version can be downloaded from http://selenium-release.storage.googleapis.com/index.html">
      <![CDATA[java.lang.IllegalStateException: The path to the driver executable must be set by the webdriver.ie.driver system property; for more information, see https://github.com/SeleniumHQ/selenium/wiki/InternetExplorerDriver. The latest version can be downloaded from http://selenium-release.storage.googleapis.com/index.html
	at com.google.common.base.Preconditions.checkState(Preconditions.java:847)
	at org.openqa.selenium.remote.service.DriverService.findExecutable(DriverService.java:134)
	at org.openqa.selenium.ie.InternetExplorerDriverService.access$000(InternetExplorerDriverService.java:35)
	at org.openqa.selenium.ie.InternetExplorerDriverService$Builder.findDefaultExecutable(InternetExplorerDriverService.java:175)
	at org.openqa.selenium.remote.service.DriverService$Builder.build(DriverService.java:355)
	at org.openqa.selenium.ie.InternetExplorerDriver.setupService(InternetExplorerDriver.java:281)
	at org.openqa.selenium.ie.InternetExplorerDriver.<init>(InternetExplorerDriver.java:211)
	at org.openqa.selenium.ie.InternetExplorerDriver.<init>(InternetExplorerDriver.java:150)
	at testngpart3.BaseClass.launchAngLogin(BaseClass.java:28)
... Removed 26 stack frames]]>
    </failure>
  </testcase> <!-- @BeforeMethod launchAngLogin -->
  <testcase classname="testngpart3.MyTest2" name="@AfterMethod loginoutClose" time="0.0">
    <skipped/>
  </testcase> <!-- @AfterMethod loginoutClose -->
  <testcase classname="testngpart3.MyTest1" name="@BeforeMethod launchAngLogin" time="0.0">
    <skipped/>
  </testcase> <!-- @BeforeMethod launchAngLogin -->
  <testcase classname="testngpart3.MyTest1" name="@AfterMethod loginoutClose" time="0.0">
    <skipped/>
  </testcase> <!-- @AfterMethod loginoutClose -->
  <testcase classname="testngpart3.MyTest2" name="addEmergencyDetails" time="0.002">
    <skipped/>
  </testcase> <!-- addEmergencyDetails -->
  <testcase classname="testngpart3.MyTest1" name="applyLeave" time="0.002">
    <skipped/>
  </testcase> <!-- applyLeave -->
</testsuite> <!-- IETest -->
