<?xml version="1.0" encoding="UTF-8"?>
<!-- Generated by org.testng.reporters.JUnitXMLReporter -->
<testsuite hostname="RASHEED-PC" failures="0" tests="3" name="Test1" time="0.039" errors="0" timestamp="26 Feb 2019 02:49:37 GMT">
  <testcase classname="testngpart2.MyTest4" name="addEmergencyDetails" time="0.011"/>
  <testcase classname="testngpart2.MyTest4" name="appplyLeave" time="0.002"/>
  <testcase classname="testngpart2.MyTest4" name="cancelLeave" time="0.002"/>
</testsuite> <!-- Test1 -->
