<?xml version="1.0" encoding="UTF-8"?>
<!-- Generated by org.testng.reporters.JUnitXMLReporter -->
<testsuite hostname="RASHEED-PC" failures="0" tests="3" name="Test2" time="0.017" errors="0" timestamp="26 Feb 2019 02:49:37 GMT">
  <testcase classname="testngpart2.MyTest4" name="addEmergencyDetails" time="0.003"/>
  <testcase classname="testngpart2.MyTest4" name="appplyLeave" time="0.001"/>
  <testcase classname="testngpart2.MyTest4" name="cancelLeave" time="0.003"/>
</testsuite> <!-- Test2 -->
