<?xml version="1.0" encoding="UTF-8"?>
<!-- Generated by org.testng.reporters.JUnitXMLReporter -->
<testsuite hostname="RASHEED-PC" failures="0" tests="4" name="Default test" time="0.055" errors="0" timestamp="4 Mar 2019 02:30:58 GMT">
  <testcase classname="testngpart4.MyTest1" name="f1" time="0.018"/>
  <testcase classname="testngpart4.MyTest1" name="f2" time="0.003">
    <skipped/>
  </testcase> <!-- f2 -->
  <testcase classname="testngpart4.MyTest1" name="f3" time="0.003"/>
  <testcase classname="testngpart4.MyTest1" name="f4" time="0.002"/>
</testsuite> <!-- Default test -->
